ERROR - 2022-11-08 00:41:57 --> Error connecting to the database: mysqli_sql_exception: Access denied for user 'phpmyadmin'@'localhost' (using password: NO) in /var/www/html/CI/system/Database/MySQLi/Connection.php:171
Stack trace:
#0 /var/www/html/CI/system/Database/MySQLi/Connection.php(171): mysqli->real_connect()
#1 /var/www/html/CI/system/Database/BaseConnection.php(382): CodeIgniter\Database\MySQLi\Connection->connect()
#2 /var/www/html/CI/system/Database/BaseConnection.php(588): CodeIgniter\Database\BaseConnection->initialize()
#3 /var/www/html/CI/system/Database/BaseBuilder.php(1585): CodeIgniter\Database\BaseConnection->query()
#4 /var/www/html/CI/system/Validation/Rules.php(142): CodeIgniter\Database\BaseBuilder->get()
#5 /var/www/html/CI/system/Validation/Validation.php(315): CodeIgniter\Validation\Rules->is_unique()
#6 /var/www/html/CI/system/Validation/Validation.php(175): CodeIgniter\Validation\Validation->processRules()
#7 /var/www/html/CI/system/Controller.php(140): CodeIgniter\Validation\Validation->run()
#8 /var/www/html/CI/app/Controllers/SignupController.php(25): CodeIgniter\Controller->validate()
#9 /var/www/html/CI/system/CodeIgniter.php(902): App\Controllers\SignupController->store()
#10 /var/www/html/CI/system/CodeIgniter.php(457): CodeIgniter\CodeIgniter->runController()
#11 /var/www/html/CI/system/CodeIgniter.php(340): CodeIgniter\CodeIgniter->handleRequest()
#12 /var/www/html/CI/public/index.php(67): CodeIgniter\CodeIgniter->run()
#13 /var/www/html/CI/system/Commands/Server/rewrite.php(46): require_once('...')
#14 {main}

Next CodeIgniter\Database\Exceptions\DatabaseException: Access denied for user '****'@'localhost' (using password: NO) in /var/www/html/CI/system/Database/MySQLi/Connection.php:215
Stack trace:
#0 /var/www/html/CI/system/Database/BaseConnection.php(382): CodeIgniter\Database\MySQLi\Connection->connect()
#1 /var/www/html/CI/system/Database/BaseConnection.php(588): CodeIgniter\Database\BaseConnection->initialize()
#2 /var/www/html/CI/system/Database/BaseBuilder.php(1585): CodeIgniter\Database\BaseConnection->query()
#3 /var/www/html/CI/system/Validation/Rules.php(142): CodeIgniter\Database\BaseBuilder->get()
#4 /var/www/html/CI/system/Validation/Validation.php(315): CodeIgniter\Validation\Rules->is_unique()
#5 /var/www/html/CI/system/Validation/Validation.php(175): CodeIgniter\Validation\Validation->processRules()
#6 /var/www/html/CI/system/Controller.php(140): CodeIgniter\Validation\Validation->run()
#7 /var/www/html/CI/app/Controllers/SignupController.php(25): CodeIgniter\Controller->validate()
#8 /var/www/html/CI/system/CodeIgniter.php(902): App\Controllers\SignupController->store()
#9 /var/www/html/CI/system/CodeIgniter.php(457): CodeIgniter\CodeIgniter->runController()
#10 /var/www/html/CI/system/CodeIgniter.php(340): CodeIgniter\CodeIgniter->handleRequest()
#11 /var/www/html/CI/public/index.php(67): CodeIgniter\CodeIgniter->run()
#12 /var/www/html/CI/system/Commands/Server/rewrite.php(46): require_once('...')
#13 {main}
CRITICAL - 2022-11-08 00:41:57 --> Unable to connect to the database.
Main connection [MySQLi]: Access denied for user '****'@'localhost' (using password: NO)
in SYSTEMPATH/Database/BaseConnection.php on line 418.
 1 SYSTEMPATH/Database/BaseConnection.php(588): CodeIgniter\Database\BaseConnection->initialize()
 2 SYSTEMPATH/Database/BaseBuilder.php(1585): CodeIgniter\Database\BaseConnection->query()
 3 SYSTEMPATH/Validation/Rules.php(142): CodeIgniter\Database\BaseBuilder->get()
 4 SYSTEMPATH/Validation/Validation.php(315): CodeIgniter\Validation\Rules->is_unique()
 5 SYSTEMPATH/Validation/Validation.php(175): CodeIgniter\Validation\Validation->processRules()
 6 SYSTEMPATH/Controller.php(140): CodeIgniter\Validation\Validation->run()
 7 APPPATH/Controllers/SignupController.php(25): CodeIgniter\Controller->validate()
 8 SYSTEMPATH/CodeIgniter.php(902): App\Controllers\SignupController->store()
 9 SYSTEMPATH/CodeIgniter.php(457): CodeIgniter\CodeIgniter->runController()
10 SYSTEMPATH/CodeIgniter.php(340): CodeIgniter\CodeIgniter->handleRequest()
11 FCPATH/index.php(67): CodeIgniter\CodeIgniter->run()
12 SYSTEMPATH/Commands/Server/rewrite.php(46): require_once('FCPATH/index.php')
ERROR - 2022-11-08 03:14:07 --> Error connecting to the database: mysqli_sql_exception: Access denied for user 'phpmyadmin'@'localhost' (using password: NO) in /var/www/html/CI/system/Database/MySQLi/Connection.php:171
Stack trace:
#0 /var/www/html/CI/system/Database/MySQLi/Connection.php(171): mysqli->real_connect()
#1 /var/www/html/CI/system/Database/BaseConnection.php(382): CodeIgniter\Database\MySQLi\Connection->connect()
#2 /var/www/html/CI/system/Database/BaseConnection.php(588): CodeIgniter\Database\BaseConnection->initialize()
#3 /var/www/html/CI/system/Database/BaseBuilder.php(1585): CodeIgniter\Database\BaseConnection->query()
#4 /var/www/html/CI/system/Validation/Rules.php(142): CodeIgniter\Database\BaseBuilder->get()
#5 /var/www/html/CI/system/Validation/Validation.php(315): CodeIgniter\Validation\Rules->is_unique()
#6 /var/www/html/CI/system/Validation/Validation.php(175): CodeIgniter\Validation\Validation->processRules()
#7 /var/www/html/CI/system/Controller.php(140): CodeIgniter\Validation\Validation->run()
#8 /var/www/html/CI/app/Controllers/SignupController.php(25): CodeIgniter\Controller->validate()
#9 /var/www/html/CI/system/CodeIgniter.php(902): App\Controllers\SignupController->store()
#10 /var/www/html/CI/system/CodeIgniter.php(457): CodeIgniter\CodeIgniter->runController()
#11 /var/www/html/CI/system/CodeIgniter.php(340): CodeIgniter\CodeIgniter->handleRequest()
#12 /var/www/html/CI/public/index.php(67): CodeIgniter\CodeIgniter->run()
#13 /var/www/html/CI/system/Commands/Server/rewrite.php(46): require_once('...')
#14 {main}

Next CodeIgniter\Database\Exceptions\DatabaseException: Access denied for user '****'@'localhost' (using password: NO) in /var/www/html/CI/system/Database/MySQLi/Connection.php:215
Stack trace:
#0 /var/www/html/CI/system/Database/BaseConnection.php(382): CodeIgniter\Database\MySQLi\Connection->connect()
#1 /var/www/html/CI/system/Database/BaseConnection.php(588): CodeIgniter\Database\BaseConnection->initialize()
#2 /var/www/html/CI/system/Database/BaseBuilder.php(1585): CodeIgniter\Database\BaseConnection->query()
#3 /var/www/html/CI/system/Validation/Rules.php(142): CodeIgniter\Database\BaseBuilder->get()
#4 /var/www/html/CI/system/Validation/Validation.php(315): CodeIgniter\Validation\Rules->is_unique()
#5 /var/www/html/CI/system/Validation/Validation.php(175): CodeIgniter\Validation\Validation->processRules()
#6 /var/www/html/CI/system/Controller.php(140): CodeIgniter\Validation\Validation->run()
#7 /var/www/html/CI/app/Controllers/SignupController.php(25): CodeIgniter\Controller->validate()
#8 /var/www/html/CI/system/CodeIgniter.php(902): App\Controllers\SignupController->store()
#9 /var/www/html/CI/system/CodeIgniter.php(457): CodeIgniter\CodeIgniter->runController()
#10 /var/www/html/CI/system/CodeIgniter.php(340): CodeIgniter\CodeIgniter->handleRequest()
#11 /var/www/html/CI/public/index.php(67): CodeIgniter\CodeIgniter->run()
#12 /var/www/html/CI/system/Commands/Server/rewrite.php(46): require_once('...')
#13 {main}
CRITICAL - 2022-11-08 03:14:07 --> Unable to connect to the database.
Main connection [MySQLi]: Access denied for user '****'@'localhost' (using password: NO)
in SYSTEMPATH/Database/BaseConnection.php on line 418.
 1 SYSTEMPATH/Database/BaseConnection.php(588): CodeIgniter\Database\BaseConnection->initialize()
 2 SYSTEMPATH/Database/BaseBuilder.php(1585): CodeIgniter\Database\BaseConnection->query()
 3 SYSTEMPATH/Validation/Rules.php(142): CodeIgniter\Database\BaseBuilder->get()
 4 SYSTEMPATH/Validation/Validation.php(315): CodeIgniter\Validation\Rules->is_unique()
 5 SYSTEMPATH/Validation/Validation.php(175): CodeIgniter\Validation\Validation->processRules()
 6 SYSTEMPATH/Controller.php(140): CodeIgniter\Validation\Validation->run()
 7 APPPATH/Controllers/SignupController.php(25): CodeIgniter\Controller->validate()
 8 SYSTEMPATH/CodeIgniter.php(902): App\Controllers\SignupController->store()
 9 SYSTEMPATH/CodeIgniter.php(457): CodeIgniter\CodeIgniter->runController()
10 SYSTEMPATH/CodeIgniter.php(340): CodeIgniter\CodeIgniter->handleRequest()
11 FCPATH/index.php(67): CodeIgniter\CodeIgniter->run()
12 SYSTEMPATH/Commands/Server/rewrite.php(46): require_once('FCPATH/index.php')
ERROR - 2022-11-08 03:15:26 --> Error connecting to the database: mysqli_sql_exception: Access denied for user 'phpmyadmin'@'localhost' (using password: NO) in /var/www/html/CI/system/Database/MySQLi/Connection.php:171
Stack trace:
#0 /var/www/html/CI/system/Database/MySQLi/Connection.php(171): mysqli->real_connect()
#1 /var/www/html/CI/system/Database/BaseConnection.php(382): CodeIgniter\Database\MySQLi\Connection->connect()
#2 /var/www/html/CI/system/Database/BaseConnection.php(588): CodeIgniter\Database\BaseConnection->initialize()
#3 /var/www/html/CI/system/Database/BaseBuilder.php(1585): CodeIgniter\Database\BaseConnection->query()
#4 /var/www/html/CI/system/Validation/Rules.php(142): CodeIgniter\Database\BaseBuilder->get()
#5 /var/www/html/CI/system/Validation/Validation.php(315): CodeIgniter\Validation\Rules->is_unique()
#6 /var/www/html/CI/system/Validation/Validation.php(175): CodeIgniter\Validation\Validation->processRules()
#7 /var/www/html/CI/system/Controller.php(140): CodeIgniter\Validation\Validation->run()
#8 /var/www/html/CI/app/Controllers/SignupController.php(25): CodeIgniter\Controller->validate()
#9 /var/www/html/CI/system/CodeIgniter.php(902): App\Controllers\SignupController->store()
#10 /var/www/html/CI/system/CodeIgniter.php(457): CodeIgniter\CodeIgniter->runController()
#11 /var/www/html/CI/system/CodeIgniter.php(340): CodeIgniter\CodeIgniter->handleRequest()
#12 /var/www/html/CI/public/index.php(67): CodeIgniter\CodeIgniter->run()
#13 /var/www/html/CI/system/Commands/Server/rewrite.php(46): require_once('...')
#14 {main}

Next CodeIgniter\Database\Exceptions\DatabaseException: Access denied for user '****'@'localhost' (using password: NO) in /var/www/html/CI/system/Database/MySQLi/Connection.php:215
Stack trace:
#0 /var/www/html/CI/system/Database/BaseConnection.php(382): CodeIgniter\Database\MySQLi\Connection->connect()
#1 /var/www/html/CI/system/Database/BaseConnection.php(588): CodeIgniter\Database\BaseConnection->initialize()
#2 /var/www/html/CI/system/Database/BaseBuilder.php(1585): CodeIgniter\Database\BaseConnection->query()
#3 /var/www/html/CI/system/Validation/Rules.php(142): CodeIgniter\Database\BaseBuilder->get()
#4 /var/www/html/CI/system/Validation/Validation.php(315): CodeIgniter\Validation\Rules->is_unique()
#5 /var/www/html/CI/system/Validation/Validation.php(175): CodeIgniter\Validation\Validation->processRules()
#6 /var/www/html/CI/system/Controller.php(140): CodeIgniter\Validation\Validation->run()
#7 /var/www/html/CI/app/Controllers/SignupController.php(25): CodeIgniter\Controller->validate()
#8 /var/www/html/CI/system/CodeIgniter.php(902): App\Controllers\SignupController->store()
#9 /var/www/html/CI/system/CodeIgniter.php(457): CodeIgniter\CodeIgniter->runController()
#10 /var/www/html/CI/system/CodeIgniter.php(340): CodeIgniter\CodeIgniter->handleRequest()
#11 /var/www/html/CI/public/index.php(67): CodeIgniter\CodeIgniter->run()
#12 /var/www/html/CI/system/Commands/Server/rewrite.php(46): require_once('...')
#13 {main}
CRITICAL - 2022-11-08 03:15:26 --> Unable to connect to the database.
Main connection [MySQLi]: Access denied for user '****'@'localhost' (using password: NO)
in SYSTEMPATH/Database/BaseConnection.php on line 418.
 1 SYSTEMPATH/Database/BaseConnection.php(588): CodeIgniter\Database\BaseConnection->initialize()
 2 SYSTEMPATH/Database/BaseBuilder.php(1585): CodeIgniter\Database\BaseConnection->query()
 3 SYSTEMPATH/Validation/Rules.php(142): CodeIgniter\Database\BaseBuilder->get()
 4 SYSTEMPATH/Validation/Validation.php(315): CodeIgniter\Validation\Rules->is_unique()
 5 SYSTEMPATH/Validation/Validation.php(175): CodeIgniter\Validation\Validation->processRules()
 6 SYSTEMPATH/Controller.php(140): CodeIgniter\Validation\Validation->run()
 7 APPPATH/Controllers/SignupController.php(25): CodeIgniter\Controller->validate()
 8 SYSTEMPATH/CodeIgniter.php(902): App\Controllers\SignupController->store()
 9 SYSTEMPATH/CodeIgniter.php(457): CodeIgniter\CodeIgniter->runController()
10 SYSTEMPATH/CodeIgniter.php(340): CodeIgniter\CodeIgniter->handleRequest()
11 FCPATH/index.php(67): CodeIgniter\CodeIgniter->run()
12 SYSTEMPATH/Commands/Server/rewrite.php(46): require_once('FCPATH/index.php')
